<?xml version="1.0" encoding="UTF-8"?>
<!-- Generated by org.testng.reporters.JUnitReportReporter -->
<testsuite hostname="DESKTOP-ADH619V" failures="0" tests="1" name="com.hrms.testscript.Tc_001" time="18.502" errors="0" timestamp="26 Dec 2023 22:35:36 GMT">
  <testcase classname="com.hrms.testscript.Tc_001" name="test" time="18.502"/>
</testsuite> <!-- com.hrms.testscript.Tc_001 -->
