<?xml version="1.0" encoding="UTF-8"?>
<!-- Generated by org.testng.reporters.JUnitReportReporter -->
<testsuite hostname="DESKTOP-ADH619V" failures="0" tests="1" name="com.hrms.testscript.Tc_002" time="28.203" errors="0" timestamp="26 Dec 2023 22:35:35 GMT">
  <testcase classname="com.hrms.testscript.Tc_002" name="test1" time="28.203"/>
</testsuite> <!-- com.hrms.testscript.Tc_002 -->
